[12:56:57] [main/INFO]: ModLauncher running: args [--username, maycon, --version, TineTiDev, --gameDir, C:\Users\Maycon Souza\AppData\Roaming\.minecraft\versions\TineTiDev, --assetsDir, C:\Users\Maycon Souza\AppData\Roaming\.minecraft\assets, --assetIndex, 5, --uuid, 854f598e626b443ca9c30bfc196317af, --accessToken, ????????, --clientId, null, --xuid, null, --userType, mojang, --versionType, modified, --width, 925, --height, 530, --launchTarget, forgeclient, --fml.forgeVersion, 47.4.10, --fml.mcVersion, 1.20.1, --fml.forgeGroup, net.minecraftforge, --fml.mcpVersion, 20230612.114412]
[12:56:57] [main/INFO]: ModLauncher 10.0.9+10.0.9+main.dcd20f30 starting: java version 17.0.15 by Microsoft; OS Windows 10 arch amd64 version 10.0
[12:56:57] [main/INFO]: Loading ImmediateWindowProvider fmlearlywindow
[12:56:58] [main/INFO]: Trying GL version 4.6
[12:56:58] [main/INFO]: Requested GL version 4.6 got version 4.6
[12:56:58] [main/INFO]: OptiFineTransformationService.onLoad
[12:56:58] [main/INFO]: OptiFine ZIP file URL: union:/C:/Users/Maycon%20Souza/AppData/Roaming/.minecraft/versions/TineTiDev/mods/preview_OptiFine_1.20.1_HD_U_I6_pre6.jar%23196!/
[12:56:58] [main/INFO]: OptiFine ZIP file: C:\Users\Maycon Souza\AppData\Roaming\.minecraft\versions\TineTiDev\mods\preview_OptiFine_1.20.1_HD_U_I6_pre6.jar
[12:56:58] [main/INFO]: Target.PRE_CLASS is available
[12:56:58] [main/INFO]: SpongePowered MIXIN Subsystem Version=0.8.5 Source=union:/C:/Users/Maycon%20Souza/AppData/Roaming/.minecraft/libraries/org/spongepowered/mixin/0.8.5/mixin-0.8.5.jar%23100!/ Service=ModLauncher Env=CLIENT
[12:56:58] [main/INFO]: OptiFineTransformationService.initialize
[12:56:58] [pool-2-thread-1/INFO]: GL info: NVIDIA GeForce RTX 5050/PCIe/SSE2 GL version 4.6.0 NVIDIA 595.71, NVIDIA Corporation
[12:56:58] [main/INFO]: Found mod file architectury-9.2.14-forge.jar of type MOD with provider {mods folder locator at C:\Users\Maycon Souza\AppData\Roaming\.minecraft\versions\TineTiDev\mods}
[12:56:58] [main/INFO]: Found mod file ars_nouveau-1.20.1-4.12.6-all.jar of type MOD with provider {mods folder locator at C:\Users\Maycon Souza\AppData\Roaming\.minecraft\versions\TineTiDev\mods}
[12:56:58] [main/INFO]: Found mod file avaritialite-forge-1.20.1-1.10.2.jar of type MOD with provider {mods folder locator at C:\Users\Maycon Souza\AppData\Roaming\.minecraft\versions\TineTiDev\mods}
[12:56:58] [main/INFO]: Found mod file avaritialiteextended-forge-1.20.1-1.0.1.jar of type MOD with provider {mods folder locator at C:\Users\Maycon Souza\AppData\Roaming\.minecraft\versions\TineTiDev\mods}
[12:56:58] [main/INFO]: Found mod file balm-forge-1.20.1-7.3.10-all.jar of type MOD with provider {mods folder locator at C:\Users\Maycon Souza\AppData\Roaming\.minecraft\versions\TineTiDev\mods}
[12:56:58] [main/INFO]: Found mod file bettercombat-forge-1.8.6+1.20.1.jar of type MOD with provider {mods folder locator at C:\Users\Maycon Souza\AppData\Roaming\.minecraft\versions\TineTiDev\mods}
[12:56:58] [main/INFO]: Found mod file Botania-1.20.1-446-FORGE.jar of type MOD with provider {mods folder locator at C:\Users\Maycon Souza\AppData\Roaming\.minecraft\versions\TineTiDev\mods}
[12:56:58] [main/INFO]: Found mod file Botania-1.20.1-451-FORGE.jar of type MOD with provider {mods folder locator at C:\Users\Maycon Souza\AppData\Roaming\.minecraft\versions\TineTiDev\mods}
[12:56:58] [main/INFO]: Found mod file cloth-config-11.1.136-forge.jar of type MOD with provider {mods folder locator at C:\Users\Maycon Souza\AppData\Roaming\.minecraft\versions\TineTiDev\mods}
[12:56:58] [main/INFO]: Found mod file constructionwand-1.20.1-2.11.jar of type MOD with provider {mods folder locator at C:\Users\Maycon Souza\AppData\Roaming\.minecraft\versions\TineTiDev\mods}
[12:56:58] [main/INFO]: Found mod file create-1.20.1-0.5.1.j.jar of type MOD with provider {mods folder locator at C:\Users\Maycon Souza\AppData\Roaming\.minecraft\versions\TineTiDev\mods}
[12:56:58] [main/INFO]: Found mod file createdieselgenerators-1.20.1-1.2i.jar of type MOD with provider {mods folder locator at C:\Users\Maycon Souza\AppData\Roaming\.minecraft\versions\TineTiDev\mods}
[12:56:58] [main/INFO]: Found mod file Cucumber-1.20.1-7.0.13.jar of type MOD with provider {mods folder locator at C:\Users\Maycon Souza\AppData\Roaming\.minecraft\versions\TineTiDev\mods}
[12:56:58] [main/INFO]: Found mod file curios-forge-5.11.0+1.20.1.jar of type MOD with provider {mods folder locator at C:\Users\Maycon Souza\AppData\Roaming\.minecraft\versions\TineTiDev\mods}
[12:56:58] [main/INFO]: Found mod file curios-forge-5.14.1+1.20.1.jar of type MOD with provider {mods folder locator at C:\Users\Maycon Souza\AppData\Roaming\.minecraft\versions\TineTiDev\mods}
[12:56:58] [main/INFO]: Found mod file dg_js-1.20.1-1.1.0.jar of type MOD with provider {mods folder locator at C:\Users\Maycon Souza\AppData\Roaming\.minecraft\versions\TineTiDev\mods}
[12:56:58] [main/INFO]: Found mod file dummmmmmy-1.20-2.0.9.jar of type MOD with provider {mods folder locator at C:\Users\Maycon Souza\AppData\Roaming\.minecraft\versions\TineTiDev\mods}
[12:56:58] [main/INFO]: Found mod file ExtendedCrafting-1.20.1-6.0.7.jar of type MOD with provider {mods folder locator at C:\Users\Maycon Souza\AppData\Roaming\.minecraft\versions\TineTiDev\mods}
[12:56:58] [main/INFO]: Found mod file jei-1.20.1-forge-15.20.0.105.jar of type MOD with provider {mods folder locator at C:\Users\Maycon Souza\AppData\Roaming\.minecraft\versions\TineTiDev\mods}
[12:56:58] [main/INFO]: Found mod file kubejs-create-forge-2001.2.5-build.2.jar of type MOD with provider {mods folder locator at C:\Users\Maycon Souza\AppData\Roaming\.minecraft\versions\TineTiDev\mods}
[12:56:58] [main/INFO]: Found mod file kubejs-forge-2001.6.5-build.16.jar of type MOD with provider {mods folder locator at C:\Users\Maycon Souza\AppData\Roaming\.minecraft\versions\TineTiDev\mods}
[12:56:58] [main/INFO]: Found mod file kubejsadditions-forge-4.3.3.jar of type MOD with provider {mods folder locator at C:\Users\Maycon Souza\AppData\Roaming\.minecraft\versions\TineTiDev\mods}
[12:56:58] [main/INFO]: Found mod file kubejsarsnouveau-1.2.2.jar of type MOD with provider {mods folder locator at C:\Users\Maycon Souza\AppData\Roaming\.minecraft\versions\TineTiDev\mods}
[12:56:58] [main/INFO]: Found mod file kubejspowah-1.2.1.jar of type MOD with provider {mods folder locator at C:\Users\Maycon Souza\AppData\Roaming\.minecraft\versions\TineTiDev\mods}
[12:56:58] [main/INFO]: Found mod file mahou_tsukai_combat-1.0.2-forge-1.20.1.jar of type MOD with provider {mods folder locator at C:\Users\Maycon Souza\AppData\Roaming\.minecraft\versions\TineTiDev\mods}
[12:56:58] [main/INFO]: Found mod file mahoutsukai-1.20.1-v1.34.78.jar of type MOD with provider {mods folder locator at C:\Users\Maycon Souza\AppData\Roaming\.minecraft\versions\TineTiDev\mods}
[12:56:58] [main/INFO]: Found mod file mekamod-1.20.1-2.0.1.jar of type MOD with provider {mods folder locator at C:\Users\Maycon Souza\AppData\Roaming\.minecraft\versions\TineTiDev\mods}
[12:56:58] [main/INFO]: Found mod file Mekanism-1.20.1-10.4.12.68.jar of type MOD with provider {mods folder locator at C:\Users\Maycon Souza\AppData\Roaming\.minecraft\versions\TineTiDev\mods}
[12:56:58] [main/INFO]: Found mod file moonlight-1.20-2.16.28-forge.jar of type MOD with provider {mods folder locator at C:\Users\Maycon Souza\AppData\Roaming\.minecraft\versions\TineTiDev\mods}
[12:56:58] [main/INFO]: Found mod file Patchouli-1.20.1-84-FORGE.jar of type MOD with provider {mods folder locator at C:\Users\Maycon Souza\AppData\Roaming\.minecraft\versions\TineTiDev\mods}
[12:56:58] [main/INFO]: Found mod file Patchouli-1.20.1-85-FORGE.jar of type MOD with provider {mods folder locator at C:\Users\Maycon Souza\AppData\Roaming\.minecraft\versions\TineTiDev\mods}
[12:56:58] [main/INFO]: Found mod file player-animation-lib-forge-1.0.2-rc1+1.20.jar of type MOD with provider {mods folder locator at C:\Users\Maycon Souza\AppData\Roaming\.minecraft\versions\TineTiDev\mods}
[12:56:58] [main/INFO]: Found mod file Powah-5.0.7.jar of type MOD with provider {mods folder locator at C:\Users\Maycon Souza\AppData\Roaming\.minecraft\versions\TineTiDev\mods}
[12:56:58] [main/INFO]: Found mod file powerful_dummy-20-0.0.9.jar of type MOD with provider {mods folder locator at C:\Users\Maycon Souza\AppData\Roaming\.minecraft\versions\TineTiDev\mods}
[12:56:58] [main/INFO]: Found mod file rhino-forge-2001.2.3-build.6.jar of type MOD with provider {mods folder locator at C:\Users\Maycon Souza\AppData\Roaming\.minecraft\versions\TineTiDev\mods}
[12:56:58] [main/INFO]: Found mod file targetdummy-1.0.0.jar of type MOD with provider {mods folder locator at C:\Users\Maycon Souza\AppData\Roaming\.minecraft\versions\TineTiDev\mods}
[12:56:58] [main/INFO]: Found mod file tl_skin_cape_forge_1.20_1.20.1-1.32.jar of type MOD with provider {mods folder locator at C:\Users\Maycon Souza\AppData\Roaming\.minecraft\versions\TineTiDev\mods}
[12:56:58] [main/INFO]: Found mod file waystones-forge-1.20-14.1.6.jar of type MOD with provider {mods folder locator at C:\Users\Maycon Souza\AppData\Roaming\.minecraft\versions\TineTiDev\mods}
[12:56:58] [main/INFO]: Found mod file worldedit-mod-7.2.15.jar of type MOD with provider {mods folder locator at C:\Users\Maycon Souza\AppData\Roaming\.minecraft\versions\TineTiDev\mods}
[12:56:58] [main/WARN]: Mod file C:\Users\Maycon Souza\AppData\Roaming\.minecraft\libraries\net\minecraftforge\fmlcore\1.20.1-47.4.10\fmlcore-1.20.1-47.4.10.jar is missing mods.toml file
[12:56:58] [main/WARN]: Mod file C:\Users\Maycon Souza\AppData\Roaming\.minecraft\libraries\net\minecraftforge\javafmllanguage\1.20.1-47.4.10\javafmllanguage-1.20.1-47.4.10.jar is missing mods.toml file
[12:56:58] [main/WARN]: Mod file C:\Users\Maycon Souza\AppData\Roaming\.minecraft\libraries\net\minecraftforge\lowcodelanguage\1.20.1-47.4.10\lowcodelanguage-1.20.1-47.4.10.jar is missing mods.toml file
[12:56:58] [main/WARN]: Mod file C:\Users\Maycon Souza\AppData\Roaming\.minecraft\libraries\net\minecraftforge\mclanguage\1.20.1-47.4.10\mclanguage-1.20.1-47.4.10.jar is missing mods.toml file
[12:56:58] [main/INFO]: Found mod file fmlcore-1.20.1-47.4.10.jar of type LIBRARY with provider net.minecraftforge.fml.loading.moddiscovery.MinecraftLocator@2e380628
[12:56:58] [main/INFO]: Found mod file javafmllanguage-1.20.1-47.4.10.jar of type LANGPROVIDER with provider net.minecraftforge.fml.loading.moddiscovery.MinecraftLocator@2e380628
[12:56:58] [main/INFO]: Found mod file lowcodelanguage-1.20.1-47.4.10.jar of type LANGPROVIDER with provider net.minecraftforge.fml.loading.moddiscovery.MinecraftLocator@2e380628
[12:56:58] [main/INFO]: Found mod file mclanguage-1.20.1-47.4.10.jar of type LANGPROVIDER with provider net.minecraftforge.fml.loading.moddiscovery.MinecraftLocator@2e380628
[12:56:58] [main/INFO]: Found mod file client-1.20.1-20230612.114412-srg.jar of type MOD with provider net.minecraftforge.fml.loading.moddiscovery.MinecraftLocator@2e380628
[12:56:58] [main/INFO]: Found mod file forge-1.20.1-47.4.10-universal.jar of type MOD with provider net.minecraftforge.fml.loading.moddiscovery.MinecraftLocator@2e380628
[12:56:59] [main/WARN]: Attempted to select two dependency jars from JarJar which have the same identification: Mod File:  and Mod File: . Using Mod File: 
[12:56:59] [main/INFO]: Found 9 dependencies adding them to mods collection
[12:56:59] [main/INFO]: Found mod file MixinSquared-0.1.1.jar of type GAMELIBRARY with provider net.minecraftforge.fml.loading.moddiscovery.JarInJarDependencyLocator@1aac188d
[12:56:59] [main/INFO]: Found mod file MixinExtras-0.3.6.jar of type GAMELIBRARY with provider net.minecraftforge.fml.loading.moddiscovery.JarInJarDependencyLocator@1aac188d
[12:56:59] [main/INFO]: Found mod file kuma-api-forge-20.1.9-SNAPSHOT.jar of type MOD with provider net.minecraftforge.fml.loading.moddiscovery.JarInJarDependencyLocator@1aac188d
[12:56:59] [main/INFO]: Found mod file mclib-20.jar of type GAMELIBRARY with provider net.minecraftforge.fml.loading.moddiscovery.JarInJarDependencyLocator@1aac188d
[12:56:59] [main/INFO]: Found mod file mixinextras-forge-0.3.6.jar of type GAMELIBRARY with provider net.minecraftforge.fml.loading.moddiscovery.JarInJarDependencyLocator@1aac188d
[12:56:59] [main/INFO]: Found mod file flywheel-forge-1.20.1-0.6.11-13.jar of type MOD with provider net.minecraftforge.fml.loading.moddiscovery.JarInJarDependencyLocator@1aac188d
[12:56:59] [main/INFO]: Found mod file mixinsquared-forge-0.1.1.jar of type GAMELIBRARY with provider net.minecraftforge.fml.loading.moddiscovery.JarInJarDependencyLocator@1aac188d
[12:56:59] [main/INFO]: Found mod file geckolib-forge-1.20.1-4.4.4.jar of type MOD with provider net.minecraftforge.fml.loading.moddiscovery.JarInJarDependencyLocator@1aac188d
[12:56:59] [main/INFO]: Found mod file Registrate-MC1.20-1.3.3.jar of type GAMELIBRARY with provider net.minecraftforge.fml.loading.moddiscovery.JarInJarDependencyLocator@1aac188d
[12:56:59] [main/INFO]: OptiFineTransformationService.transformers
[12:56:59] [main/INFO]: Targets: 412
[12:56:59] [main/INFO]: additionalClassesLocator: [optifine., net.optifine.]
[12:57:00] [main/INFO]: Compatibility level set to JAVA_17
[12:57:00] [main/INFO]: Successfully loaded Mixin Connector [org.tlauncher.MixinConnector]
[12:57:00] [main/INFO]: Launching target 'forgeclient' with arguments [--version, TineTiDev, --gameDir, C:\Users\Maycon Souza\AppData\Roaming\.minecraft\versions\TineTiDev, --assetsDir, C:\Users\Maycon Souza\AppData\Roaming\.minecraft\assets, --uuid, 854f598e626b443ca9c30bfc196317af, --username, maycon, --assetIndex, 5, --accessToken, ????????, --clientId, null, --xuid, null, --userType, mojang, --versionType, modified, --width, 925, --height, 530]
[12:57:01] [main/WARN]: Reference map 'kubejspowah.refmap.json' for kubejspowah.mixins.json could not be read. If this is a development environment you can ignore this message
[12:57:02] [main/WARN]: Error loading class: mezz/modnametooltip/TooltipEventHandler (java.lang.ClassNotFoundException: mezz.modnametooltip.TooltipEventHandler)
[12:57:02] [main/WARN]: Error loading class: me/shedaniel/rei/impl/client/ClientHelperImpl (java.lang.ClassNotFoundException: me.shedaniel.rei.impl.client.ClientHelperImpl)
[12:57:02] [main/INFO]: Initializing MixinExtras via com.llamalad7.mixinextras.service.MixinExtrasServiceImpl(version=0.3.6).
